{"meta": {"version": "5.1", "timestamp": "2020-07-20T10:52:26.139220", "branch_coverage": false, "show_contexts": false}, "files": {"/home/alek/.local/lib/python3.8/site-packages/certifi/__init__.py": {"executed_lines": [1, 3], "summary": {"covered_lines": 2, "num_statements": 2, "percent_covered": 100.0, "missing_lines": 0, "excluded_lines": 0}, "missing_lines": [], "excluded_lines": []}, "/home/alek/.local/lib/python3.8/site-packages/certifi/core.py": {"executed_lines": [3, 9, 11, 12, 14, 15, 17, 25, 36, 37, 39, 59], "summary": {"covered_lines": 12, "num_statements": 20, "percent_covered": 60.0, "missing_lines": 8, "excluded_lines": 0}, "missing_lines": [42, 47, 48, 49, 53, 54, 56, 60], "excluded_lines": []}, "/home/alek/.local/lib/python3.8/site-packages/jwt/__init__.py": {"executed_lines": [4, 12, 13, 14, 15, 16, 19, 23, 24], "summary": {"covered_lines": 9, "num_statements": 9, "percent_covered": 100.0, "missing_lines": 0, "excluded_lines": 0}, "missing_lines": [], "excluded_lines": []}, "/home/alek/.local/lib/python3.8/site-packages/jwt/algorithms.py": {"executed_lines": [1, 2, 3, 6, 7, 8, 14, 15, 16, 19, 23, 26, 27, 28, 30, 34, 38, 42, 49, 50, 63, 66, 67, 70, 77, 84, 91, 92, 98, 99, 106, 107, 111, 120, 123, 127, 128, 132, 133, 134, 136, 137, 139, 140, 142, 149, 154, 156, 157, 163, 164, 172, 173, 175, 176, 179, 181, 182, 186, 187, 188, 190, 191, 193, 213, 214, 249, 250, 312, 315, 322, 323, 327, 328, 329, 331, 332, 334, 358, 363, 375, 376, 380, 390], "summary": {"covered_lines": 78, "num_statements": 179, "percent_covered": 43.57541899441341, "missing_lines": 101, "excluded_lines": 0}, "missing_lines": [31, 32, 75, 82, 89, 96, 103, 112, 113, 115, 116, 118, 121, 124, 150, 158, 165, 167, 168, 170, 194, 196, 198, 199, 201, 202, 203, 205, 206, 207, 209, 211, 215, 217, 219, 221, 234, 236, 238, 245, 247, 251, 252, 253, 254, 256, 257, 259, 261, 262, 264, 265, 266, 268, 269, 271, 275, 276, 286, 287, 291, 301, 302, 304, 308, 310, 313, 316, 317, 318, 319, 320, 335, 337, 339, 340, 345, 346, 347, 349, 350, 351, 354, 356, 359, 361, 364, 365, 366, 367, 369, 370, 371, 372, 373, 381, 391, 392, 401, 402, 403], "excluded_lines": []}, "/home/alek/.local/lib/python3.8/site-packages/jwt/api_jws.py": {"executed_lines": [1, 2, 3, 4, 6, 10, 13, 14, 18, 21, 22, 24, 25, 26, 30, 31, 34, 35, 37, 39, 40, 41, 45, 58, 70, 76, 83, 85, 88, 92, 94, 98, 106, 107, 110, 111, 112, 113, 114, 125, 127, 129, 137, 138, 140, 148, 150, 154, 155, 158, 160, 171, 172, 173, 175, 179, 180, 181, 185, 186, 190, 191, 195, 198, 199, 203, 204, 208, 210, 213, 215, 218, 219, 220, 222, 228, 232, 237, 238, 239, 240, 241, 242], "summary": {"covered_lines": 83, "num_statements": 129, "percent_covered": 64.34108527131782, "missing_lines": 46, "excluded_lines": 0}, "missing_lines": [7, 8, 32, 49, 50, 52, 53, 55, 56, 63, 64, 67, 68, 74, 86, 95, 96, 116, 117, 118, 123, 141, 151, 166, 167, 169, 176, 182, 183, 187, 188, 192, 193, 196, 200, 201, 205, 206, 216, 223, 225, 226, 229, 230, 233, 234], "excluded_lines": []}, "/home/alek/.local/lib/python3.8/site-packages/jwt/api_jwt.py": {"executed_lines": [1, 2, 3, 4, 5, 7, 11, 12, 13, 14, 19, 22, 23, 25, 26, 28, 40, 48, 53, 55, 56, 58, 64, 68, 76, 84, 86, 87, 91, 95, 96, 99, 102, 103, 104, 106, 108, 111, 117, 120, 123, 125, 127, 130, 133, 134, 136, 137, 139, 140, 142, 143, 146, 149, 152, 158, 167, 168, 169, 174, 175, 177, 178, 179, 206, 207, 208, 217, 218, 219, 220, 221, 222], "summary": {"covered_lines": 73, "num_statements": 121, "percent_covered": 60.33057851239669, "missing_lines": 48, "excluded_lines": 0}, "missing_lines": [8, 9, 49, 77, 89, 97, 98, 100, 112, 113, 118, 121, 128, 131, 144, 147, 150, 153, 154, 155, 156, 159, 160, 161, 162, 164, 165, 170, 171, 181, 184, 186, 189, 191, 193, 194, 195, 196, 197, 198, 200, 201, 203, 204, 210, 211, 213, 214], "excluded_lines": []}, "/home/alek/.local/lib/python3.8/site-packages/jwt/compat.py": {"executed_lines": [1, 6, 7, 8, 11, 14, 15, 16, 21, 23, 25, 29, 30, 50, 51], "summary": {"covered_lines": 14, "num_statements": 39, "percent_covered": 35.8974358974359, "missing_lines": 25, "excluded_lines": 0}, "missing_lines": [18, 19, 26, 27, 31, 33, 39, 40, 42, 44, 45, 47, 52, 53, 55, 56, 57, 59, 61, 62, 63, 64, 65, 67, 68], "excluded_lines": []}, "/home/alek/.local/lib/python3.8/site-packages/jwt/exceptions.py": {"executed_lines": [1, 2, 5, 8, 9, 12, 13, 16, 17, 20, 21, 24, 25, 28, 29, 32, 33, 36, 37, 40, 41, 44, 45, 48, 49, 52, 57, 58, 59], "summary": {"covered_lines": 28, "num_statements": 30, "percent_covered": 93.33333333333333, "missing_lines": 2, "excluded_lines": 0}, "missing_lines": [50, 53], "excluded_lines": []}, "/home/alek/.local/lib/python3.8/site-packages/jwt/utils.py": {"executed_lines": [1, 2, 3, 5, 7, 8, 15, 24, 25, 26, 33, 34, 37, 39, 40, 42, 45, 46, 49, 61, 71, 72, 73, 75, 76, 77, 81, 84, 90, 94, 103], "summary": {"covered_lines": 31, "num_statements": 70, "percent_covered": 44.285714285714285, "missing_lines": 39, "excluded_lines": 0}, "missing_lines": [11, 12, 16, 17, 18, 19, 21, 27, 28, 30, 35, 50, 51, 53, 55, 56, 58, 62, 63, 65, 67, 68, 78, 79, 85, 86, 87, 91, 95, 96, 98, 100, 104, 105, 107, 108, 110, 111, 113], "excluded_lines": []}, "/home/alek/.local/lib/python3.8/site-packages/requests/__init__.py": {"executed_lines": [8, 43, 44, 45, 46, 49, 50, 51, 54, 58, 59, 61, 62, 63, 66, 67, 69, 70, 71, 74, 86, 87, 96, 97, 98, 102, 113, 114, 116, 117, 118, 120, 121, 122, 123, 124, 125, 126, 133, 134, 136, 139], "summary": {"covered_lines": 42, "num_statements": 60, "percent_covered": 70.0, "missing_lines": 18, "excluded_lines": 0}, "missing_lines": [55, 76, 77, 78, 79, 81, 82, 83, 88, 89, 99, 100, 103, 104, 107, 108, 109, 110], "excluded_lines": []}, "/home/alek/.local/lib/python3.8/site-packages/requests/__version__.py": {"executed_lines": [5, 6, 7, 8, 9, 10, 11, 12, 13, 14], "summary": {"covered_lines": 10, "num_statements": 10, "percent_covered": 100.0, "missing_lines": 0, "excluded_lines": 0}, "missing_lines": [], "excluded_lines": []}, "/home/alek/.local/lib/python3.8/site-packages/requests/_internal_utils.py": {"executed_lines": [3, 11, 14, 19, 20, 27, 30, 37, 38, 39, 40], "summary": {"covered_lines": 11, "num_statements": 16, "percent_covered": 68.75, "missing_lines": 5, "excluded_lines": 0}, "missing_lines": [22, 23, 25, 41, 42], "excluded_lines": []}, "/home/alek/.local/lib/python3.8/site-packages/requests/adapters.py": {"executed_lines": [3, 11, 12, 14, 15, 16, 17, 18, 19, 20, 21, 22, 23, 24, 25, 26, 27, 28, 29, 31, 32, 33, 36, 37, 38, 41, 43, 44, 45, 46, 49, 50, 51, 52, 55, 56, 58, 59, 61, 79, 84, 85, 110, 113, 116, 117, 120, 121, 123, 125, 126, 127, 129, 131, 134, 146, 159, 160, 161, 163, 166, 203, 255, 265, 268, 271, 274, 275, 276, 278, 281, 284, 287, 288, 290, 292, 319, 325, 326, 329, 358, 372, 394], "summary": {"covered_lines": 81, "num_statements": 222, "percent_covered": 36.486486486486484, "missing_lines": 141, "excluded_lines": 0}, "missing_lines": [47, 77, 81, 119, 132, 137, 138, 140, 141, 143, 178, 179, 180, 181, 182, 192, 193, 201, 215, 217, 220, 221, 223, 224, 226, 227, 230, 232, 233, 235, 237, 238, 239, 241, 242, 243, 244, 246, 247, 248, 249, 251, 252, 279, 301, 303, 304, 305, 306, 307, 309, 310, 313, 314, 315, 317, 327, 343, 344, 346, 347, 348, 349, 350, 352, 353, 354, 356, 370, 385, 386, 388, 389, 392, 411, 412, 413, 414, 416, 417, 418, 420, 422, 423, 424, 425, 426, 428, 431, 432, 433, 435, 437, 438, 439, 454, 455, 457, 459, 460, 464, 465, 467, 469, 470, 471, 472, 473, 474, 477, 479, 480, 482, 484, 491, 494, 495, 497, 498, 500, 501, 503, 504, 506, 507, 509, 510, 512, 514, 516, 518, 519, 521, 522, 524, 525, 527, 528, 529, 531, 533], "excluded_lines": []}, "/home/alek/.local/lib/python3.8/site-packages/requests/api.py": {"executed_lines": [3, 13, 16, 60, 61, 64, 75, 76, 79, 92, 107, 119, 122, 134, 137, 149, 152, 161], "summary": {"covered_lines": 18, "num_statements": 22, "percent_covered": 81.81818181818181, "missing_lines": 4, "excluded_lines": 0}, "missing_lines": [88, 89, 103, 104], "excluded_lines": []}, "/home/alek/.local/lib/python3.8/site-packages/requests/auth.py": {"executed_lines": [3, 10, 11, 12, 13, 14, 15, 17, 19, 20, 21, 22, 24, 25, 28, 72, 73, 75, 79, 80, 82, 86, 92, 95, 100, 101, 103, 108, 109, 111, 117, 127, 229, 234, 278, 298, 304], "summary": {"covered_lines": 33, "num_statements": 174, "percent_covered": 18.96551724137931, "missing_lines": 141, "excluded_lines": 0}, "missing_lines": [38, 39, 46, 48, 49, 56, 59, 60, 62, 63, 65, 69, 76, 83, 84, 87, 93, 96, 97, 104, 105, 112, 113, 115, 119, 120, 121, 122, 123, 124, 125, 132, 133, 134, 135, 136, 137, 139, 140, 142, 144, 145, 146, 147, 148, 149, 150, 151, 152, 153, 154, 155, 156, 157, 158, 159, 160, 161, 162, 163, 164, 165, 166, 167, 169, 171, 172, 175, 176, 178, 179, 180, 182, 183, 185, 186, 188, 189, 191, 192, 193, 194, 195, 196, 198, 199, 200, 202, 203, 204, 205, 208, 211, 213, 216, 218, 219, 220, 221, 222, 223, 224, 225, 227, 231, 232, 243, 244, 245, 247, 250, 251, 253, 255, 256, 257, 261, 262, 263, 264, 265, 267, 269, 270, 271, 273, 275, 276, 280, 282, 283, 284, 285, 286, 291, 292, 293, 294, 296, 299, 305], "excluded_lines": []}, "/home/alek/.local/lib/python3.8/site-packages/requests/certs.py": {"executed_lines": [4, 15, 17], "summary": {"covered_lines": 3, "num_statements": 4, "percent_covered": 75.0, "missing_lines": 1, "excluded_lines": 0}, "missing_lines": [18], "excluded_lines": []}, "/home/alek/.local/lib/python3.8/site-packages/requests/compat.py": {"executed_lines": [3, 11, 13, 20, 23, 26, 28, 29, 37, 57, 58, 59, 60, 61, 62, 64, 65, 67, 68, 69, 70, 71, 72], "summary": {"covered_lines": 23, "num_statements": 38, "percent_covered": 60.526315789473685, "missing_lines": 15, "excluded_lines": 0}, "missing_lines": [30, 31, 38, 41, 42, 43, 44, 45, 47, 50, 51, 52, 53, 54, 55], "excluded_lines": []}, "/home/alek/.local/lib/python3.8/site-packages/requests/cookies.py": {"executed_lines": [3, 12, 13, 14, 16, 17, 19, 20, 25, 26, 37, 38, 39, 40, 42, 45, 46, 48, 49, 51, 54, 55, 65, 66, 68, 69, 71, 74, 78, 79, 81, 82, 84, 85, 86, 88, 89, 90, 92, 93, 97, 98, 104, 109, 111, 112, 114, 118, 125, 129, 131, 132, 135, 141, 142, 143, 146, 165, 166, 171, 172, 189, 201, 218, 227, 235, 244, 252, 261, 270, 278, 286, 299, 315, 321, 328, 330, 337, 343, 344, 346, 348, 350, 351, 352, 356, 376, 388, 389, 390, 391, 392, 393, 395, 397, 398, 401, 408, 414, 421, 426, 441, 447, 463, 464, 468, 469, 470, 471, 472, 474, 477, 508, 517, 518, 520, 521, 522, 523, 524, 526, 529, 536, 539, 542, 543, 544, 549], "summary": {"covered_lines": 124, "num_statements": 241, "percent_covered": 51.45228215767635, "missing_lines": 117, "excluded_lines": 0}, "missing_lines": [21, 22, 43, 57, 58, 60, 72, 76, 94, 115, 127, 151, 152, 153, 154, 155, 156, 157, 158, 159, 161, 162, 196, 197, 198, 199, 207, 208, 209, 211, 212, 214, 215, 216, 224, 225, 233, 241, 242, 250, 258, 259, 268, 272, 273, 274, 275, 276, 280, 281, 282, 283, 284, 292, 293, 294, 295, 296, 297, 306, 307, 308, 312, 313, 316, 317, 318, 319, 335, 341, 345, 354, 368, 369, 370, 371, 372, 374, 394, 399, 403, 405, 406, 410, 411, 412, 416, 417, 418, 419, 423, 427, 428, 430, 432, 434, 435, 436, 437, 438, 465, 466, 480, 481, 482, 483, 484, 485, 486, 487, 488, 491, 537, 540, 545, 546, 547], "excluded_lines": []}, "/home/alek/.local/lib/python3.8/site-packages/requests/exceptions.py": {"executed_lines": [3, 9, 12, 13, 17, 28, 29, 32, 33, 36, 37, 40, 41, 44, 45, 53, 54, 60, 61, 64, 65, 68, 69, 72, 73, 76, 77, 80, 81, 84, 85, 88, 89, 92, 93, 96, 97, 100, 101, 104, 105, 108, 109, 114, 115, 118, 119, 122, 123], "summary": {"covered_lines": 26, "num_statements": 32, "percent_covered": 81.25, "missing_lines": 6, "excluded_lines": 0}, "missing_lines": [19, 20, 21, 22, 24, 25], "excluded_lines": []}, "/home/alek/.local/lib/python3.8/site-packages/requests/hooks.py": {"executed_lines": [3, 14, 17, 18, 23, 25, 26, 27, 34], "summary": {"covered_lines": 9, "num_statements": 15, "percent_covered": 60.0, "missing_lines": 6, "excluded_lines": 0}, "missing_lines": [28, 29, 30, 31, 32, 33], "excluded_lines": []}, "/home/alek/.local/lib/python3.8/site-packages/requests/models.py": {"executed_lines": [3, 10, 11, 16, 18, 19, 20, 21, 24, 25, 26, 28, 29, 30, 33, 34, 38, 42, 43, 47, 55, 56, 57, 60, 61, 62, 65, 67, 69, 70, 73, 75, 76, 80, 82, 83, 91, 93, 95, 96, 97, 105, 109, 110, 174, 175, 178, 181, 183, 184, 186, 198, 199, 226, 231, 232, 233, 234, 235, 237, 238, 241, 242, 243, 244, 245, 246, 247, 248, 249, 251, 254, 272, 273, 291, 293, 295, 297, 300, 302, 304, 306, 308, 313, 314, 315, 316, 317, 318, 324, 326, 329, 340, 342, 343, 344, 346, 347, 356, 363, 366, 369, 374, 379, 380, 384, 390, 397, 402, 406, 407, 409, 410, 411, 414, 417, 429, 432, 433, 439, 440, 442, 445, 446, 447, 449, 450, 451, 453, 460, 461, 463, 466, 467, 468, 469, 471, 476, 504, 507, 514, 517, 518, 520, 522, 524, 525, 526, 529, 530, 533, 535, 539, 540, 541, 543, 557, 568, 569, 573, 574, 575, 577, 582, 583, 584, 587, 588, 592, 597, 598, 599, 600, 603, 608, 613, 616, 619, 624, 627, 630, 638, 642, 644, 647, 650, 658, 666, 669, 679, 689, 693, 694, 708, 709, 713, 715, 716, 720, 721, 725, 726, 728, 730, 747, 749, 750, 751, 752, 767, 769, 771, 774, 776, 778, 780, 783, 785, 816, 817, 820, 822, 826, 829, 831, 834, 836, 837, 850, 851, 853, 857, 858, 861, 862, 872, 874, 881, 886, 887, 888, 889, 898, 900, 901, 918, 943], "summary": {"covered_lines": 244, "num_statements": 457, "percent_covered": 53.391684901531725, "missing_lines": 213, "excluded_lines": 0}, "missing_lines": [71, 77, 78, 92, 94, 98, 99, 100, 101, 102, 107, 119, 120, 121, 122, 124, 125, 126, 128, 129, 130, 131, 132, 134, 135, 137, 141, 143, 144, 145, 146, 147, 148, 149, 151, 153, 154, 156, 157, 158, 159, 160, 161, 163, 165, 166, 167, 169, 171, 179, 182, 191, 192, 193, 194, 195, 239, 252, 256, 257, 269, 327, 330, 331, 332, 333, 334, 335, 336, 337, 338, 348, 350, 351, 352, 353, 354, 364, 375, 376, 381, 382, 385, 386, 388, 391, 398, 399, 400, 401, 403, 408, 415, 418, 419, 420, 421, 422, 423, 424, 425, 426, 427, 430, 434, 435, 437, 477, 478, 479, 480, 482, 484, 488, 489, 490, 493, 495, 496, 498, 499, 501, 505, 508, 509, 510, 512, 544, 546, 549, 552, 555, 571, 645, 648, 653, 654, 656, 659, 660, 663, 664, 667, 677, 687, 691, 702, 703, 704, 705, 706, 718, 723, 753, 754, 755, 756, 757, 758, 762, 763, 764, 765, 770, 772, 781, 793, 795, 797, 798, 800, 801, 803, 805, 806, 808, 810, 811, 813, 814, 823, 827, 854, 863, 870, 892, 897, 904, 907, 909, 910, 912, 913, 914, 916, 921, 922, 927, 928, 929, 930, 932, 934, 935, 937, 938, 940, 941, 949, 950, 952, 953, 954], "excluded_lines": []}, "/home/alek/.local/lib/python3.8/site-packages/requests/packages.py": {"executed_lines": [1, 6, 7, 10, 11, 12], "summary": {"covered_lines": 6, "num_statements": 6, "percent_covered": 100.0, "missing_lines": 0, "excluded_lines": 0}, "missing_lines": [], "excluded_lines": []}, "/home/alek/.local/lib/python3.8/site-packages/requests/sessions.py": {"executed_lines": [3, 10, 11, 12, 13, 14, 16, 17, 18, 20, 21, 22, 23, 24, 27, 28, 30, 35, 38, 41, 47, 50, 56, 57, 59, 60, 63, 69, 70, 74, 75, 78, 81, 87, 88, 96, 98, 106, 117, 119, 144, 148, 150, 151, 152, 254, 273, 314, 337, 338, 356, 362, 367, 371, 376, 379, 384, 387, 390, 394, 400, 404, 410, 413, 414, 415, 417, 418, 420, 421, 423, 433, 436, 437, 440, 444, 445, 446, 448, 449, 461, 463, 504, 516, 518, 520, 525, 529, 530, 532, 534, 545, 556, 567, 580, 592, 604, 614, 621, 622, 623, 624, 628, 632, 633, 634, 637, 640, 643, 646, 647, 650, 653, 659, 662, 664, 665, 670, 678, 684, 685, 687, 689, 696, 698, 699, 700, 705, 706, 710, 711, 712, 713, 715, 718, 724, 726, 727, 732, 734, 735, 737, 742, 743, 745, 748, 752, 757], "summary": {"covered_lines": 147, "num_statements": 283, "percent_covered": 51.9434628975265, "missing_lines": 136, "excluded_lines": 0}, "missing_lines": [42, 43, 44, 45, 67, 76, 90, 91, 93, 107, 114, 115, 116, 121, 122, 123, 124, 129, 131, 134, 135, 136, 137, 139, 142, 153, 157, 158, 160, 161, 162, 163, 165, 166, 169, 172, 173, 174, 177, 178, 179, 180, 181, 182, 187, 188, 190, 192, 194, 197, 199, 200, 201, 202, 204, 205, 210, 211, 212, 215, 216, 221, 227, 228, 231, 233, 234, 237, 248, 251, 252, 259, 260, 262, 265, 268, 269, 270, 285, 286, 287, 288, 289, 290, 292, 293, 294, 296, 298, 299, 301, 302, 304, 305, 306, 307, 309, 310, 312, 318, 321, 322, 326, 327, 331, 332, 334, 542, 543, 553, 554, 564, 565, 578, 590, 602, 612, 629, 656, 657, 667, 672, 674, 675, 679, 680, 681, 682, 701, 730, 746, 749, 750, 753, 754, 769], "excluded_lines": []}, "/home/alek/.local/lib/python3.8/site-packages/requests/status_codes.py": {"executed_lines": [3, 23, 25, 105, 107, 108, 109, 110, 111, 112, 114, 115, 116, 119, 123], "summary": {"covered_lines": 15, "num_statements": 15, "percent_covered": 100.0, "missing_lines": 0, "excluded_lines": 0}, "missing_lines": [], "excluded_lines": []}, "/home/alek/.local/lib/python3.8/site-packages/requests/structures.py": {"executed_lines": [3, 10, 12, 15, 16, 42, 43, 44, 45, 46, 48, 51, 53, 54, 56, 59, 60, 62, 63, 65, 73, 82, 85, 89, 90, 92, 93, 94, 96, 99, 104], "summary": {"covered_lines": 29, "num_statements": 40, "percent_covered": 72.5, "missing_lines": 11, "excluded_lines": 0}, "missing_lines": [57, 67, 74, 75, 77, 79, 83, 86, 97, 102, 105], "excluded_lines": []}, "/home/alek/.local/lib/python3.8/site-packages/requests/utils.py": {"executed_lines": [3, 11, 12, 13, 14, 15, 16, 17, 18, 19, 20, 21, 22, 24, 25, 27, 28, 29, 33, 34, 35, 38, 40, 42, 45, 99, 108, 109, 110, 112, 113, 139, 163, 166, 169, 172, 173, 175, 177, 178, 179, 186, 191, 192, 220, 228, 260, 287, 304, 307, 310, 311, 313, 317, 349, 384, 409, 424, 435, 455, 463, 464, 465, 466, 468, 477, 480, 487, 489, 492, 494, 497, 498, 501, 519, 529, 566, 570, 576, 577, 591, 594, 602, 603, 604, 608, 616, 631, 642, 653, 677, 678, 685, 686, 689, 690, 692, 699, 707, 711, 712, 713, 714, 716, 720, 747, 749, 750, 754, 757, 760, 766, 769, 772, 798, 804, 807, 811, 819, 857, 858, 859, 862, 869, 870, 872, 874, 876, 877, 878, 894, 911, 917, 919, 920, 921, 922, 924, 928, 929, 932, 939, 941, 944, 945, 946, 953, 970], "summary": {"covered_lines": 148, "num_statements": 445, "percent_covered": 33.258426966292134, "missing_lines": 297, "excluded_lines": 0}, "missing_lines": [48, 49, 50, 51, 53, 54, 55, 57, 58, 61, 64, 66, 67, 68, 69, 74, 76, 77, 78, 79, 80, 81, 82, 83, 84, 85, 87, 93, 94, 96, 102, 103, 105, 115, 116, 118, 119, 120, 121, 122, 124, 128, 129, 140, 141, 142, 147, 148, 150, 152, 154, 155, 159, 160, 161, 164, 180, 184, 187, 188, 194, 198, 199, 200, 201, 203, 204, 205, 207, 208, 209, 212, 213, 216, 217, 222, 223, 225, 233, 235, 239, 240, 241, 242, 244, 245, 247, 248, 249, 252, 253, 254, 255, 257, 278, 279, 281, 282, 284, 305, 308, 340, 341, 342, 343, 344, 345, 371, 372, 373, 374, 375, 376, 377, 378, 379, 380, 392, 397, 404, 405, 406, 416, 418, 419, 421, 432, 440, 446, 447, 448, 450, 469, 470, 471, 472, 473, 474, 475, 476, 490, 495, 504, 505, 506, 507, 509, 510, 511, 512, 513, 514, 515, 516, 521, 522, 523, 524, 525, 526, 541, 547, 550, 552, 553, 554, 555, 556, 559, 560, 561, 562, 578, 579, 580, 581, 582, 583, 585, 586, 588, 590, 609, 613, 624, 625, 626, 627, 628, 638, 639, 646, 647, 648, 649, 650, 659, 660, 661, 662, 663, 665, 666, 668, 669, 670, 671, 673, 674, 687, 688, 693, 694, 696, 718, 723, 727, 728, 729, 730, 731, 732, 735, 737, 738, 739, 741, 742, 745, 751, 752, 755, 767, 778, 779, 780, 781, 783, 789, 790, 791, 792, 793, 795, 827, 829, 831, 832, 833, 835, 836, 837, 838, 839, 841, 843, 844, 845, 846, 847, 849, 851, 853, 871, 873, 875, 879, 880, 881, 882, 883, 885, 886, 887, 888, 889, 891, 900, 905, 906, 908, 942, 947, 948, 949, 959, 962, 963, 965, 967, 974, 975, 976, 977, 978, 979, 982], "excluded_lines": []}, "/home/alek/.local/lib/python3.8/site-packages/responses.py": {"executed_lines": [1, 3, 4, 5, 6, 7, 8, 10, 11, 12, 13, 14, 15, 17, 18, 22, 23, 26, 27, 31, 35, 37, 43, 45, 46, 50, 51, 52, 54, 56, 58, 60, 62, 65, 66, 69, 70, 73, 97, 111, 117, 135, 142, 143, 153, 154, 159, 165, 169, 171, 172, 178, 179, 181, 182, 186, 187, 188, 191, 192, 193, 195, 198, 199, 201, 204, 205, 207, 208, 211, 212, 213, 214, 216, 217, 220, 221, 222, 223, 226, 229, 232, 233, 234, 236, 238, 239, 241, 242, 243, 245, 260, 263, 275, 276, 277, 279, 283, 285, 286, 287, 291, 295, 296, 297, 305, 306, 307, 308, 309, 311, 313, 316, 317, 318, 320, 321, 323, 326, 327, 341, 342, 343, 344, 345, 347, 348, 351, 353, 354, 355, 356, 357, 358, 360, 361, 364, 365, 366, 367, 377, 378, 381, 382, 383, 384, 386, 387, 389, 390, 393, 394, 400, 401, 403, 407, 410, 411, 413, 423, 424, 436, 437, 439, 440, 443, 444, 445, 446, 447, 448, 449, 450, 451, 453, 460, 461, 462, 463, 464, 465, 467, 468, 469, 471, 515, 519, 522, 524, 541, 558, 575, 581, 591, 592, 593, 595, 596, 597, 599, 600, 601, 602, 603, 605, 606, 608, 609, 610, 611, 612, 613, 614, 615, 618, 620, 622, 623, 624, 625, 627, 656, 657, 664, 665, 667, 668, 669, 670, 672, 673, 674, 676, 677, 679, 680, 681, 682, 695, 714, 715, 744, 745, 746, 747, 748, 749, 750, 751, 752, 753, 754, 755, 756, 757, 758, 759, 760, 761, 762, 763, 764, 765], "summary": {"covered_lines": 262, "num_statements": 393, "percent_covered": 66.66666666666667, "missing_lines": 131, "excluded_lines": 0}, "missing_lines": [19, 20, 24, 25, 28, 29, 32, 33, 38, 39, 40, 41, 47, 48, 75, 76, 77, 78, 79, 80, 81, 82, 83, 84, 87, 88, 89, 90, 91, 92, 94, 98, 100, 102, 104, 112, 113, 114, 118, 119, 121, 122, 124, 125, 126, 128, 129, 132, 144, 145, 149, 150, 151, 160, 196, 202, 215, 224, 246, 247, 249, 250, 255, 256, 258, 261, 264, 265, 267, 268, 270, 271, 273, 281, 288, 289, 290, 292, 299, 300, 303, 310, 314, 349, 362, 391, 395, 402, 404, 408, 516, 517, 520, 537, 538, 539, 550, 551, 553, 555, 556, 567, 568, 570, 572, 573, 628, 636, 637, 639, 646, 647, 649, 650, 652, 653, 654, 658, 659, 660, 661, 662, 684, 685, 687, 688, 689, 696, 703, 704, 706], "excluded_lines": []}, "spylib/__init__.py": {"executed_lines": [1, 3, 4, 5, 6, 7], "summary": {"covered_lines": 5, "num_statements": 5, "percent_covered": 100.0, "missing_lines": 0, "excluded_lines": 0}, "missing_lines": [], "excluded_lines": []}, "spylib/auth_client.py": {"executed_lines": [1, 3, 4, 5, 6, 7, 10, 11, 13, 15, 17, 38, 45, 48, 49, 54, 63, 64, 67, 68, 74, 86, 91, 94, 95, 102, 116, 120, 123, 128, 129, 131, 137, 139, 159, 163, 166, 171], "summary": {"covered_lines": 36, "num_statements": 43, "percent_covered": 83.72093023255815, "missing_lines": 7, "excluded_lines": 0}, "missing_lines": [50, 69, 97, 124, 132, 133, 167], "excluded_lines": []}, "spylib/exceptions.py": {"executed_lines": [1, 2, 5, 6, 8, 11, 12, 14, 17, 18, 20, 21, 23, 33, 34, 35, 37, 42, 43, 45, 46, 49, 50, 52, 53, 56, 57, 59, 60, 63, 64, 66, 67, 70, 71, 73, 74, 76, 87, 88, 90, 95, 96, 98, 99, 102, 103, 105, 106, 108, 119, 120, 122], "summary": {"covered_lines": 42, "num_statements": 43, "percent_covered": 97.67441860465117, "missing_lines": 1, "excluded_lines": 0}, "missing_lines": [39], "excluded_lines": []}, "spylib/permission.py": {"executed_lines": [1, 2, 3, 4, 5, 8, 19, 20, 21, 22, 23, 24, 25, 26, 27, 28], "summary": {"covered_lines": 15, "num_statements": 15, "percent_covered": 100.0, "missing_lines": 0, "excluded_lines": 0}, "missing_lines": [], "excluded_lines": []}, "spylib/request.py": {"executed_lines": [1, 2, 3, 4, 5, 6, 7, 8, 9, 10, 11, 12, 13, 14, 15, 16, 17, 18, 19, 20, 23, 24, 26, 34, 35, 36, 38, 48, 56, 57, 60, 61, 63, 71, 74, 87, 88, 98, 106, 130, 132, 133, 134, 135, 136, 137, 138, 140, 141, 142, 143, 144, 145, 147, 148, 150, 158, 159, 161, 169, 170, 172, 180, 181, 188, 233, 237, 240, 243, 244, 245, 248, 250, 251, 252, 253, 255, 256, 257, 259, 261, 262, 263, 264, 266, 289, 290, 293, 298, 301, 302, 315, 316, 318, 320, 321, 322, 324, 326, 327, 332, 335, 336, 347, 349, 351, 360, 372, 374, 384, 396, 408, 417, 423, 432, 437, 438, 444, 450, 452, 461, 467, 476, 477, 481, 482, 488, 489, 495, 501, 502, 504, 515, 516, 517, 518, 520, 522, 524, 525, 537], "summary": {"covered_lines": 137, "num_statements": 170, "percent_covered": 80.58823529411765, "missing_lines": 33, "excluded_lines": 0}, "missing_lines": [46, 72, 84, 146, 183, 184, 186, 234, 265, 267, 268, 269, 274, 286, 317, 319, 323, 325, 329, 362, 386, 398, 418, 433, 439, 440, 445, 462, 483, 484, 490, 491, 496], "excluded_lines": []}, "spylib/settings.py": {"executed_lines": [1, 2, 3, 6], "summary": {"covered_lines": 3, "num_statements": 3, "percent_covered": 100.0, "missing_lines": 0, "excluded_lines": 0}, "missing_lines": [], "excluded_lines": []}, "spylib/tests/__init__.py": {"executed_lines": [1], "summary": {"covered_lines": 0, "num_statements": 0, "percent_covered": 100.0, "missing_lines": 0, "excluded_lines": 0}, "missing_lines": [], "excluded_lines": []}, "spylib/tests/test_auth_client.py": {"executed_lines": [1, 2, 3, 4, 5, 6, 7, 10, 11, 14, 15, 16, 17, 19, 20, 21, 22, 23, 24, 26, 32, 33, 34, 36, 37, 38, 39, 40, 41, 43, 49, 50, 51, 53, 54, 55, 56, 57, 58, 60, 66, 67, 70, 72, 73, 74, 75, 76, 77, 79, 85, 86, 89, 91, 92, 93, 94, 95, 96, 98, 104, 105, 108], "summary": {"covered_lines": 63, "num_statements": 63, "percent_covered": 100.0, "missing_lines": 0, "excluded_lines": 0}, "missing_lines": [], "excluded_lines": []}, "spylib/tests/test_exceptions.py": {"executed_lines": [1, 2, 11, 14, 15, 16, 18, 19, 20, 22, 23, 25, 26, 27, 29, 30, 32, 33, 35, 37, 38, 39, 41, 42, 44, 45, 48, 49, 52, 53, 56, 57, 60, 61, 64, 65, 66, 69, 70, 71], "summary": {"covered_lines": 40, "num_statements": 40, "percent_covered": 100.0, "missing_lines": 0, "excluded_lines": 0}, "missing_lines": [], "excluded_lines": []}, "spylib/tests/test_permission.py": {"executed_lines": [1, 2, 3, 4, 5, 6, 9, 10, 11, 12, 13, 14, 16, 17, 18, 19, 20, 23, 27, 28, 29, 30, 31, 34, 38, 39, 40, 41, 42, 50, 51], "summary": {"covered_lines": 31, "num_statements": 31, "percent_covered": 100.0, "missing_lines": 0, "excluded_lines": 0}, "missing_lines": [], "excluded_lines": []}, "spylib/tests/test_request.py": {"executed_lines": [1, 2, 3, 4, 5, 6, 7, 8, 9, 10, 11, 15, 16, 19, 20, 25, 26, 29, 30, 33, 34, 35, 36, 38, 50, 51, 58, 59, 60, 62, 74, 75, 83, 84, 85, 87, 88, 103, 106, 109, 110, 118, 119, 130, 136, 144, 146, 147, 157, 160, 161, 163, 164, 175, 176, 177, 178, 180, 186, 187, 188, 190, 191, 202, 203, 204, 205, 207, 214, 222, 223, 231, 233, 234, 245, 246, 248, 257, 260, 261, 263, 264, 275, 276, 277, 278, 280, 286, 287, 294, 295, 302, 304, 305, 320, 323, 326, 333, 335, 344, 352, 353, 355, 356, 368, 371, 378, 387, 390, 392, 393, 403, 406, 414, 420, 422, 423, 433, 436, 444, 451, 453, 454, 464, 467, 475, 482, 484, 485, 486, 494, 495, 496, 498, 499, 504, 505, 510, 511, 518, 519, 526, 527, 533, 534, 535, 536, 538, 545, 546, 547, 549, 550, 552, 553, 554, 555, 556, 558, 561, 569, 570, 572, 573, 584, 587, 594, 603, 604, 607], "summary": {"covered_lines": 170, "num_statements": 170, "percent_covered": 100.0, "missing_lines": 0, "excluded_lines": 0}, "missing_lines": [], "excluded_lines": []}}, "totals": {"covered_lines": 2103, "num_statements": 3655, "percent_covered": 57.53761969904241, "missing_lines": 1552, "excluded_lines": 0}}